<?xml version="1.0" encoding="UTF-8"?>
<!-- Generated by org.testng.reporters.JUnitReportReporter -->
<testsuite hostname="Parishas-MacBook-Pro.local" failures="0" tests="7" name="paintTest.TestCases" time="31.664" errors="0" timestamp="11 Mar 2019 01:09:16 GMT" skipped="0">
  <testcase classname="paintTest.TestCases" name="test0" time="3.826"/>
  <testcase classname="paintTest.TestCases" name="test1" time="3.057"/>
  <testcase classname="paintTest.TestCases" name="test2" time="2.870"/>
  <testcase classname="paintTest.TestCases" name="test3" time="5.903"/>
  <testcase classname="paintTest.TestCases" name="test4" time="4.515"/>
  <testcase classname="paintTest.TestCases" name="test5" time="6.864"/>
  <testcase classname="paintTest.TestCases" name="test6" time="4.629"/>
</testsuite> <!-- paintTest.TestCases -->
