<?xml version="1.0" encoding="UTF-8"?>
<!-- Generated by org.testng.reporters.JUnitReportReporter -->
<testsuite hostname="Parishas-MacBook-Pro.local" failures="0" tests="7" name="paintTest.TestCases" time="33.480" errors="0" timestamp="10 Mar 2019 02:44:57 GMT" skipped="0">
  <testcase classname="paintTest.TestCases" name="test0" time="3.590"/>
  <testcase classname="paintTest.TestCases" name="test1" time="3.648"/>
  <testcase classname="paintTest.TestCases" name="test2" time="3.157"/>
  <testcase classname="paintTest.TestCases" name="test3" time="6.908"/>
  <testcase classname="paintTest.TestCases" name="test4" time="4.812"/>
  <testcase classname="paintTest.TestCases" name="test5" time="6.895"/>
  <testcase classname="paintTest.TestCases" name="test6" time="4.470"/>
</testsuite> <!-- paintTest.TestCases -->
